#
# There is insufficient memory for the Java Runtime Environment to continue.
# Native memory allocation (malloc) failed to allocate 504736 bytes for Chunk::new
# Possible reasons:
#   The system is out of physical RAM or swap space
#   The process is running with CompressedOops enabled, and the Java Heap may be blocking the growth of the native heap
# Possible solutions:
#   Reduce memory load on the system
#   Increase physical memory or swap space
#   Check if swap backing store is full
#   Decrease Java heap size (-Xmx/-Xms)
#   Decrease number of Java threads
#   Decrease Java thread stack sizes (-Xss)
#   Set larger code cache with -XX:ReservedCodeCacheSize=
#   JVM is running with Unscaled Compressed Oops mode in which the Java heap is
#     placed in the first 4GB address space. The Java Heap base address is the
#     maximum limit for the native heap growth. Please use -XX:HeapBaseMinAddress
#     to set the Java Heap base and to place the Java Heap above 4GB virtual address.
# This output file may be truncated or incomplete.
#
#  Out of Memory Error (allocation.cpp:389), pid=3384, tid=0x0000000000002ac4
#
# JRE version: OpenJDK Runtime Environment (8.0_202-b03) (build 1.8.0_202-release-1483-b03)
# Java VM: OpenJDK 64-Bit Server VM (25.202-b03 mixed mode windows-amd64 compressed oops)
# Failed to write core dump. Minidumps are not enabled by default on client versions of Windows
#

---------------  T H R E A D  ---------------

Current thread (0x0000000018350000):  JavaThread "C2 CompilerThread2" daemon [_thread_in_native, id=10948, stack(0x0000000018e20000,0x0000000018f20000)]

Stack: [0x0000000018e20000,0x0000000018f20000]
[error occurred during error reporting (printing stack bounds), id 0xc0000005]

Native frames: (J=compiled Java code, j=interpreted, Vv=VM code, C=native code)


Current CompileTask:
C2:   6854 2124   !   4       java.net.URL::<init> (543 bytes)


---------------  P R O C E S S  ---------------

Java Threads: ( => current thread )
  0x0000000019a9c000 JavaThread "Cache worker for file hash cache (C:\AndroidStudioProjects\Timeline\.gradle\5.4.1\fileHashes)" [_thread_blocked, id=4320, stack(0x000000001f3f0000,0x000000001f4f0000)]
  0x0000000019a95000 JavaThread "Cache worker for journal cache (C:\Users\РђР»РµРєСЃРµР№\.gradle\caches\journal-1)" [_thread_blocked, id=10136, stack(0x000000001cf50000,0x000000001d050000)]
  0x0000000019a97800 JavaThread "File lock request listener" [_thread_in_native, id=18784, stack(0x000000001ce50000,0x000000001cf50000)]
  0x0000000019a9a800 JavaThread "Cache worker for file hash cache (C:\Users\РђР»РµРєСЃРµР№\.gradle\caches\5.4.1\fileHashes)" [_thread_blocked, id=10860, stack(0x000000001cd50000,0x000000001ce50000)]
  0x0000000018676800 JavaThread "Thread-9" [_thread_blocked, id=14976, stack(0x000000001bc80000,0x000000001bd80000)]
  0x000000001866e800 JavaThread "Stdin handler" [_thread_blocked, id=18956, stack(0x000000001bb80000,0x000000001bc80000)]
  0x000000001a27f800 JavaThread "Asynchronous log dispatcher for DefaultDaemonConnection: socket connection from /127.0.0.1:22360 to /127.0.0.1:22362" [_thread_blocked, id=14844, stack(0x000000001b980000,0x000000001ba80000)]
  0x000000001a1b0000 JavaThread "Daemon worker" [_thread_in_vm, id=18332, stack(0x000000001b880000,0x000000001b980000)]
  0x000000001a1af000 JavaThread "Cancel handler" [_thread_blocked, id=11124, stack(0x000000001b780000,0x000000001b880000)]
  0x000000001943c800 JavaThread "Handler for socket connection from /127.0.0.1:22360 to /127.0.0.1:22362" [_thread_in_native, id=12756, stack(0x000000001b480000,0x000000001b580000)]
  0x000000001943a000 JavaThread "Daemon" [_thread_blocked, id=19252, stack(0x000000001b380000,0x000000001b480000)]
  0x000000001a20b800 JavaThread "Daemon periodic checks" [_thread_blocked, id=8912, stack(0x000000001b280000,0x000000001b380000)]
  0x000000001a2fa800 JavaThread "Incoming local TCP Connector on port 22360" [_thread_in_native, id=15432, stack(0x000000001b030000,0x000000001b130000)]
  0x000000001a558000 JavaThread "Daemon health stats" [_thread_blocked, id=17856, stack(0x000000001a9f0000,0x000000001aaf0000)]
  0x00000000183d6800 JavaThread "Service Thread" daemon [_thread_blocked, id=15052, stack(0x0000000019020000,0x0000000019120000)]
  0x0000000018353800 JavaThread "C1 CompilerThread3" daemon [_thread_blocked, id=11080, stack(0x0000000018f20000,0x0000000019020000)]
=>0x0000000018350000 JavaThread "C2 CompilerThread2" daemon [_thread_in_native, id=10948, stack(0x0000000018e20000,0x0000000018f20000)]
  0x0000000018348000 JavaThread "C2 CompilerThread1" daemon [_thread_blocked, id=14808, stack(0x0000000018d20000,0x0000000018e20000)]
  0x0000000018345000 JavaThread "C2 CompilerThread0" daemon [_thread_blocked, id=8048, stack(0x0000000018c20000,0x0000000018d20000)]
  0x0000000018340000 JavaThread "Attach Listener" daemon [_thread_blocked, id=16848, stack(0x0000000018b20000,0x0000000018c20000)]
  0x000000001833f000 JavaThread "Signal Dispatcher" daemon [_thread_blocked, id=12748, stack(0x0000000018a20000,0x0000000018b20000)]
  0x0000000016522000 JavaThread "Finalizer" daemon [_thread_blocked, id=7880, stack(0x0000000018810000,0x0000000018910000)]
  0x0000000002757800 JavaThread "Reference Handler" daemon [_thread_blocked, id=2944, stack(0x0000000018710000,0x0000000018810000)]
  0x0000000002662800 JavaThread "main" [_thread_blocked, id=8664, stack(0x0000000002550000,0x0000000002650000)]

Other Threads:
  0x0000000016517000 VMThread [stack: 0x0000000018210000,0x0000000018310000] [id=15368]
  0x000000001838a800 WatcherThread [stack: 0x0000000019120000,0x0000000019220000] [id=8656]

VM state:not at safepoint (normal execution)

VM Mutex/Monitor currently owned by a thread: None

heap address: 0x00000000a0000000, size: 1536 MB, Compressed Oops mode: 32-bit
Narrow klass base: 0x0000000000000000, Narrow klass shift: 3
Compressed class space size: 1073741824 Address: 0x0000000100000000

Heap:
 PSYoungGen      total 51712K, used 13091K [0x00000000e0000000, 0x00000000e4c00000, 0x0000000100000000)
  eden space 46592K, 17% used [0x00000000e0000000,0x00000000e07f86b8,0x00000000e2d80000)
  from space 5120K, 96% used [0x00000000e3e80000,0x00000000e43506f8,0x00000000e4380000)
  to   space 8704K, 0% used [0x00000000e4380000,0x00000000e4380000,0x00000000e4c00000)
 ParOldGen       total 65536K, used 8373K [0x00000000a0000000, 0x00000000a4000000, 0x00000000e0000000)
  object space 65536K, 12% used [0x00000000a0000000,0x00000000a082d6c0,0x00000000a4000000)
 Metaspace       used 26591K, capacity 27120K, committed 27392K, reserved 1073152K
  class space    used 3609K, capacity 3805K, committed 3840K, reserved 1048576K

Card table byte_map: [0x0000000011b20000,0x0000000011e30000] byte_map_base: 0x0000000011620000

Marking Bits: (ParMarkBitMap*) 0x000000005c249f30
 Begin Bits: [0x0000000012830000, 0x0000000014030000)
 End Bits:   [0x0000000014030000, 0x0000000015830000)

Polling page: 0x0000000000cc0000

CodeCache: size=245760Kb used=8254Kb max_used=8254Kb free=237505Kb
 bounds [0x0000000002760000, 0x0000000002f80000, 0x0000000011760000]
 total_blobs=2796 nmethods=2131 adapters=578
 compilation: enabled

Compilation events (10 events):
Event: 6.845 Thread 0x0000000018353800 2128       3       java.lang.Long::bitCount (61 bytes)
Event: 6.845 Thread 0x0000000018353800 nmethod 2128 0x0000000002f6ad90 code [0x0000000002f6aee0, 0x0000000002f6b090]
Event: 6.845 Thread 0x0000000018345000 2129       4       java.lang.Long::bitCount (61 bytes)
Event: 6.846 Thread 0x0000000018345000 nmethod 2129 0x0000000002f616d0 code [0x0000000002f61800, 0x0000000002f618b8]
Event: 6.847 Thread 0x0000000018353800 2130       3       sun.reflect.misc.ReflectUtil::checkPackageAccess (19 bytes)
Event: 6.847 Thread 0x0000000018353800 nmethod 2130 0x0000000002f72e10 code [0x0000000002f72fa0, 0x0000000002f73318]
Event: 6.850 Thread 0x0000000018353800 2131       3       sun.reflect.ReflectionFactory::newMethodAccessor (79 bytes)
Event: 6.852 Thread 0x0000000018353800 nmethod 2131 0x0000000002f73450 code [0x0000000002f73720, 0x0000000002f74fb8]
Event: 6.852 Thread 0x0000000018353800 2132       3       sun.reflect.NativeMethodAccessorImpl::<init> (10 bytes)
Event: 6.852 Thread 0x0000000018353800 nmethod 2132 0x0000000002f728d0 code [0x0000000002f72a40, 0x0000000002f72cd0]

GC Heap History (10 events):
Event: 3.595 GC heap before
{Heap before GC invocations=4 (full 0):
 PSYoungGen      total 38400K, used 38369K [0x00000000e0000000, 0x00000000e2a80000, 0x0000000100000000)
  eden space 33280K, 100% used [0x00000000e0000000,0x00000000e2080000,0x00000000e2080000)
  from space 5120K, 99% used [0x00000000e2080000,0x00000000e25784f8,0x00000000e2580000)
  to   space 5120K, 0% used [0x00000000e2580000,0x00000000e2580000,0x00000000e2a80000)
 ParOldGen       total 87552K, used 2184K [0x00000000a0000000, 0x00000000a5580000, 0x00000000e0000000)
  object space 87552K, 2% used [0x00000000a0000000,0x00000000a02223c0,0x00000000a5580000)
 Metaspace       used 16258K, capacity 16688K, committed 16896K, reserved 1062912K
  class space    used 2312K, capacity 2460K, committed 2560K, reserved 1048576K
Event: 3.606 GC heap after
Heap after GC invocations=4 (full 0):
 PSYoungGen      total 38400K, used 5104K [0x00000000e0000000, 0x00000000e4b00000, 0x0000000100000000)
  eden space 33280K, 0% used [0x00000000e0000000,0x00000000e0000000,0x00000000e2080000)
  from space 5120K, 99% used [0x00000000e2580000,0x00000000e2a7c010,0x00000000e2a80000)
  to   space 5120K, 0% used [0x00000000e2080000,0x00000000e2080000,0x00000000e2580000)
 ParOldGen       total 87552K, used 5448K [0x00000000a0000000, 0x00000000a5580000, 0x00000000e0000000)
  object space 87552K, 6% used [0x00000000a0000000,0x00000000a05523f0,0x00000000a5580000)
 Metaspace       used 16258K, capacity 16688K, committed 16896K, reserved 1062912K
  class space    used 2312K, capacity 2460K, committed 2560K, reserved 1048576K
}
Event: 4.459 GC heap before
{Heap before GC invocations=5 (full 0):
 PSYoungGen      total 38400K, used 38384K [0x00000000e0000000, 0x00000000e4b00000, 0x0000000100000000)
  eden space 33280K, 100% used [0x00000000e0000000,0x00000000e2080000,0x00000000e2080000)
  from space 5120K, 99% used [0x00000000e2580000,0x00000000e2a7c010,0x00000000e2a80000)
  to   space 5120K, 0% used [0x00000000e2080000,0x00000000e2080000,0x00000000e2580000)
 ParOldGen       total 87552K, used 5448K [0x00000000a0000000, 0x00000000a5580000, 0x00000000e0000000)
  object space 87552K, 6% used [0x00000000a0000000,0x00000000a05523f0,0x00000000a5580000)
 Metaspace       used 19197K, capacity 19704K, committed 19968K, reserved 1067008K
  class space    used 2792K, capacity 2962K, committed 3072K, reserved 1048576K
Event: 4.473 GC heap after
Heap after GC invocations=5 (full 0):
 PSYoungGen      total 38400K, used 5088K [0x00000000e0000000, 0x00000000e5600000, 0x0000000100000000)
  eden space 33280K, 0% used [0x00000000e0000000,0x00000000e0000000,0x00000000e2080000)
  from space 5120K, 99% used [0x00000000e2080000,0x00000000e2578020,0x00000000e2580000)
  to   space 10752K, 0% used [0x00000000e4b80000,0x00000000e4b80000,0x00000000e5600000)
 ParOldGen       total 87552K, used 9095K [0x00000000a0000000, 0x00000000a5580000, 0x00000000e0000000)
  object space 87552K, 10% used [0x00000000a0000000,0x00000000a08e1e08,0x00000000a5580000)
 Metaspace       used 19197K, capacity 19704K, committed 19968K, reserved 1067008K
  class space    used 2792K, capacity 2962K, committed 3072K, reserved 1048576K
}
Event: 5.791 GC heap before
{Heap before GC invocations=6 (full 0):
 PSYoungGen      total 38400K, used 16479K [0x00000000e0000000, 0x00000000e5600000, 0x0000000100000000)
  eden space 33280K, 34% used [0x00000000e0000000,0x00000000e0b1fe48,0x00000000e2080000)
  from space 5120K, 99% used [0x00000000e2080000,0x00000000e2578020,0x00000000e2580000)
  to   space 10752K, 0% used [0x00000000e4b80000,0x00000000e4b80000,0x00000000e5600000)
 ParOldGen       total 87552K, used 9095K [0x00000000a0000000, 0x00000000a5580000, 0x00000000e0000000)
  object space 87552K, 10% used [0x00000000a0000000,0x00000000a08e1e08,0x00000000a5580000)
 Metaspace       used 20707K, capacity 21150K, committed 21296K, reserved 1067008K
  class space    used 2955K, capacity 3123K, committed 3200K, reserved 1048576K
Event: 5.796 GC heap after
Heap after GC invocations=6 (full 0):
 PSYoungGen      total 39936K, used 7095K [0x00000000e0000000, 0x00000000e5280000, 0x0000000100000000)
  eden space 32768K, 0% used [0x00000000e0000000,0x00000000e0000000,0x00000000e2000000)
  from space 7168K, 98% used [0x00000000e4b80000,0x00000000e526df40,0x00000000e5280000)
  to   space 10240K, 0% used [0x00000000e3e80000,0x00000000e3e80000,0x00000000e4880000)
 ParOldGen       total 87552K, used 9103K [0x00000000a0000000, 0x00000000a5580000, 0x00000000e0000000)
  object space 87552K, 10% used [0x00000000a0000000,0x00000000a08e3e08,0x00000000a5580000)
 Metaspace       used 20707K, capacity 21150K, committed 21296K, reserved 1067008K
  class space    used 2955K, capacity 3123K, committed 3200K, reserved 1048576K
}
Event: 5.796 GC heap before
{Heap before GC invocations=7 (full 1):
 PSYoungGen      total 39936K, used 7095K [0x00000000e0000000, 0x00000000e5280000, 0x0000000100000000)
  eden space 32768K, 0% used [0x00000000e0000000,0x00000000e0000000,0x00000000e2000000)
  from space 7168K, 98% used [0x00000000e4b80000,0x00000000e526df40,0x00000000e5280000)
  to   space 10240K, 0% used [0x00000000e3e80000,0x00000000e3e80000,0x00000000e4880000)
 ParOldGen       total 87552K, used 9103K [0x00000000a0000000, 0x00000000a5580000, 0x00000000e0000000)
  object space 87552K, 10% used [0x00000000a0000000,0x00000000a08e3e08,0x00000000a5580000)
 Metaspace       used 20707K, capacity 21150K, committed 21296K, reserved 1067008K
  class space    used 2955K, capacity 3123K, committed 3200K, reserved 1048576K
Event: 5.867 GC heap after
Heap after GC invocations=7 (full 1):
 PSYoungGen      total 39936K, used 0K [0x00000000e0000000, 0x00000000e5280000, 0x0000000100000000)
  eden space 32768K, 0% used [0x00000000e0000000,0x00000000e0000000,0x00000000e2000000)
  from space 7168K, 0% used [0x00000000e4b80000,0x00000000e4b80000,0x00000000e5280000)
  to   space 10240K, 0% used [0x00000000e3e80000,0x00000000e3e80000,0x00000000e4880000)
 ParOldGen       total 65536K, used 8365K [0x00000000a0000000, 0x00000000a4000000, 0x00000000e0000000)
  object space 65536K, 12% used [0x00000000a0000000,0x00000000a082b6c0,0x00000000a4000000)
 Metaspace       used 20707K, capacity 21150K, committed 21296K, reserved 1067008K
  class space    used 2955K, capacity 3123K, committed 3200K, reserved 1048576K
}
Event: 6.763 GC heap before
{Heap before GC invocations=8 (full 1):
 PSYoungGen      total 39936K, used 32768K [0x00000000e0000000, 0x00000000e5280000, 0x0000000100000000)
  eden space 32768K, 100% used [0x00000000e0000000,0x00000000e2000000,0x00000000e2000000)
  from space 7168K, 0% used [0x00000000e4b80000,0x00000000e4b80000,0x00000000e5280000)
  to   space 10240K, 0% used [0x00000000e3e80000,0x00000000e3e80000,0x00000000e4880000)
 ParOldGen       total 65536K, used 8365K [0x00000000a0000000, 0x00000000a4000000, 0x00000000e0000000)
  object space 65536K, 12% used [0x00000000a0000000,0x00000000a082b6c0,0x00000000a4000000)
 Metaspace       used 26104K, capacity 26666K, committed 26880K, reserved 1073152K
  class space    used 3521K, capacity 3740K, committed 3840K, reserved 1048576K
Event: 6.769 GC heap after
Heap after GC invocations=8 (full 1):
 PSYoungGen      total 51712K, used 4929K [0x00000000e0000000, 0x00000000e4c00000, 0x0000000100000000)
  eden space 46592K, 0% used [0x00000000e0000000,0x00000000e0000000,0x00000000e2d80000)
  from space 5120K, 96% used [0x00000000e3e80000,0x00000000e43506f8,0x00000000e4380000)
  to   space 8704K, 0% used [0x00000000e4380000,0x00000000e4380000,0x00000000e4c00000)
 ParOldGen       total 65536K, used 8373K [0x00000000a0000000, 0x00000000a4000000, 0x00000000e0000000)
  object space 65536K, 12% used [0x00000000a0000000,0x00000000a082d6c0,0x00000000a4000000)
 Metaspace       used 26104K, capacity 26666K, committed 26880K, reserved 1073152K
  class space    used 3521K, capacity 3740K, committed 3840K, reserved 1048576K
}

Deoptimization events (10 events):
Event: 5.208 Thread 0x000000001a1b0000 Uncommon trap: reason=bimorphic action=maybe_recompile pc=0x0000000002cba2b8 method=java.io.BufferedInputStream.read([BII)I @ 101
Event: 5.208 Thread 0x000000001a1b0000 Uncommon trap: reason=bimorphic action=maybe_recompile pc=0x0000000002cba2b8 method=java.io.BufferedInputStream.read([BII)I @ 101
Event: 6.373 Thread 0x000000001a1b0000 Uncommon trap: reason=class_check action=maybe_recompile pc=0x0000000002d49f10 method=sun.misc.URLClassPath.getLoader(I)Lsun/misc/URLClassPath$Loader; @ 94
Event: 6.373 Thread 0x000000001a1b0000 Uncommon trap: reason=class_check action=maybe_recompile pc=0x0000000002aac5ac method=sun.misc.URLClassPath.getResource(Ljava/lang/String;Z)Lsun/misc/Resource; @ 62
Event: 6.373 Thread 0x000000001a1b0000 Uncommon trap: reason=unstable_if action=reinterpret pc=0x0000000002d7cde8 method=java.lang.String.regionMatches(ZILjava/lang/String;II)Z @ 41
Event: 6.378 Thread 0x000000001a1b0000 Uncommon trap: reason=unstable_if action=reinterpret pc=0x0000000002d07d04 method=java.lang.ClassLoader.getClassLoadingLock(Ljava/lang/String;)Ljava/lang/Object; @ 6
Event: 6.446 Thread 0x000000001a1b0000 Uncommon trap: reason=class_check action=maybe_recompile pc=0x0000000002d4a12c method=sun.misc.URLClassPath.getLoader(I)Lsun/misc/URLClassPath$Loader; @ 239
Event: 6.496 Thread 0x000000001a1b0000 Uncommon trap: reason=class_check action=maybe_recompile pc=0x0000000002d4a12c method=sun.misc.URLClassPath.getLoader(I)Lsun/misc/URLClassPath$Loader; @ 239
Event: 6.769 Thread 0x0000000002757800 Uncommon trap: reason=unstable_if action=reinterpret pc=0x0000000002d28afc method=java.lang.ref.Reference.tryHandlePending(Z)Z @ 104
Event: 6.832 Thread 0x000000001a1b0000 Uncommon trap: reason=unstable_if action=reinterpret pc=0x0000000002be79a8 method=java.util.HashMap.hash(Ljava/lang/Object;)I @ 1

Classes redefined (0 events):
No events

Internal exceptions (10 events):
Event: 6.601 Thread 0x000000001a1b0000 Exception <a 'java/lang/ClassNotFoundException': org/gradle/api/internal/project/AbstractPluginAwareCustomizer> (0x00000000e199b520) thrown at [D:\src\AOSP-openjdk-cygwin\jdk8u\hotspot\src\share\vm\classfile\systemDictionary.cpp, line 210]
Event: 6.604 Thread 0x000000001a1b0000 Exception <a 'java/lang/ClassNotFoundException': org/gradle/initialization/DefaultSettingsCustomizer> (0x00000000e19cb260) thrown at [D:\src\AOSP-openjdk-cygwin\jdk8u\hotspot\src\share\vm\classfile\systemDictionary.cpp, line 210]
Event: 6.608 Thread 0x000000001a1b0000 Exception <a 'java/lang/ClassNotFoundException': org/gradle/initialization/DefaultSettings_DecoratedCustomizer> (0x00000000e1a303e0) thrown at [D:\src\AOSP-openjdk-cygwin\jdk8u\hotspot\src\share\vm\classfile\systemDictionary.cpp, line 210]
Event: 6.690 Thread 0x000000001a1b0000 Exception <a 'java/lang/ClassNotFoundException': org/gradle/initialization/DefaultProjectDescriptorBeanInfo> (0x00000000e1ccbe50) thrown at [D:\src\AOSP-openjdk-cygwin\jdk8u\hotspot\src\share\vm\classfile\systemDictionary.cpp, line 210]
Event: 6.691 Thread 0x000000001a1b0000 Exception <a 'java/lang/ClassNotFoundException': org/gradle/initialization/DefaultProjectDescriptorCustomizer> (0x00000000e1cf68e0) thrown at [D:\src\AOSP-openjdk-cygwin\jdk8u\hotspot\src\share\vm\classfile\systemDictionary.cpp, line 210]
Event: 6.698 Thread 0x0000000018676800 Exception <a 'java/lang/NoSuchMethodError': <clinit>> (0x00000000e00099a0) thrown at [D:\src\AOSP-openjdk-cygwin\jdk8u\hotspot\src\share\vm\prims\jni.cpp, line 1614]
Event: 6.700 Thread 0x0000000018676800 Exception <a 'java/lang/NoSuchMethodError': <clinit>> (0x00000000e001f5a8) thrown at [D:\src\AOSP-openjdk-cygwin\jdk8u\hotspot\src\share\vm\prims\jni.cpp, line 1614]
Event: 6.700 Thread 0x0000000018676800 Exception <a 'java/lang/NoSuchMethodError': <clinit>> (0x00000000e00202c0) thrown at [D:\src\AOSP-openjdk-cygwin\jdk8u\hotspot\src\share\vm\prims\jni.cpp, line 1614]
Event: 6.700 Thread 0x0000000018676800 Exception <a 'java/lang/NoSuchMethodError': <clinit>> (0x00000000e00217f8) thrown at [D:\src\AOSP-openjdk-cygwin\jdk8u\hotspot\src\share\vm\prims\jni.cpp, line 1614]
Event: 6.832 Thread 0x000000001a1b0000 Implicit null exception at 0x0000000002be7795 to 0x0000000002be7999

Events (10 events):
Event: 6.849 loading class org/gradle/platform/base/ComponentBinaries
Event: 6.849 loading class org/gradle/platform/base/ComponentBinaries done
Event: 6.850 loading class org/gradle/model/internal/manage/schema/extract/DefaultModelSchemaExtractor
Event: 6.850 loading class org/gradle/model/internal/manage/schema/extract/DefaultModelSchemaExtractor done
Event: 6.851 loading class org/gradle/model/internal/manage/schema/extract/ModelSchemaExtractionContext
Event: 6.851 loading class org/gradle/model/internal/manage/schema/extract/ModelSchemaExtractionContext done
Event: 6.852 loading class org/gradle/model/internal/manage/schema/extract/PrimitiveStrategy
Event: 6.852 loading class org/gradle/model/internal/manage/schema/extract/PrimitiveStrategy done
Event: 6.852 loading class org/gradle/model/internal/manage/schema/ModelSchema
Event: 6.852 loading class org/gradle/model/internal/manage/schema/ModelSchema done


Dynamic libraries:
0x00007ff749a00000 - 0x00007ff749a31000 	C:\Program Files\Android\Android Studio\jre\bin\java.exe
0x00007ff846f80000 - 0x00007ff847170000 	C:\WINDOWS\SYSTEM32\ntdll.dll
0x00007ff825780000 - 0x00007ff825794000 	C:\Program Files\AVAST Software\Avast\aswhook.dll
0x00007ff845240000 - 0x00007ff8452f2000 	C:\WINDOWS\System32\KERNEL32.DLL
0x00007ff843f30000 - 0x00007ff8441d3000 	C:\WINDOWS\System32\KERNELBASE.dll
0x00007ff845300000 - 0x00007ff8453a3000 	C:\WINDOWS\System32\ADVAPI32.dll
0x00007ff8469b0000 - 0x00007ff846a4e000 	C:\WINDOWS\System32\msvcrt.dll
0x00007ff845030000 - 0x00007ff8450c7000 	C:\WINDOWS\System32\sechost.dll
0x00007ff8450d0000 - 0x00007ff8451f0000 	C:\WINDOWS\System32\RPCRT4.dll
0x00007ff845640000 - 0x00007ff8457d4000 	C:\WINDOWS\System32\USER32.dll
0x00007ff844eb0000 - 0x00007ff844ed1000 	C:\WINDOWS\System32\win32u.dll
0x00007ff845210000 - 0x00007ff845236000 	C:\WINDOWS\System32\GDI32.dll
0x00007ff8444b0000 - 0x00007ff844644000 	C:\WINDOWS\System32\gdi32full.dll
0x00007ff844240000 - 0x00007ff8442de000 	C:\WINDOWS\System32\msvcp_win.dll
0x00007ff844360000 - 0x00007ff84445a000 	C:\WINDOWS\System32\ucrtbase.dll
0x00007ff8357d0000 - 0x00007ff835a55000 	C:\WINDOWS\WinSxS\amd64_microsoft.windows.common-controls_6595b64144ccf1df_6.0.18362.418_none_e6c6b287130d565d\COMCTL32.dll
0x00007ff846310000 - 0x00007ff846646000 	C:\WINDOWS\System32\combase.dll
0x00007ff8442e0000 - 0x00007ff844360000 	C:\WINDOWS\System32\bcryptPrimitives.dll
0x00007ff8462e0000 - 0x00007ff84630e000 	C:\WINDOWS\System32\IMM32.DLL
0x000000005b9a0000 - 0x000000005ba72000 	C:\Program Files\Android\Android Studio\jre\jre\bin\msvcr100.dll
0x000000005ba80000 - 0x000000005c2c6000 	C:\Program Files\Android\Android Studio\jre\jre\bin\server\jvm.dll
0x00007ff8457e0000 - 0x00007ff8457e8000 	C:\WINDOWS\System32\PSAPI.DLL
0x00007ff8344c0000 - 0x00007ff8344c9000 	C:\WINDOWS\SYSTEM32\WSOCK32.dll
0x00007ff845a00000 - 0x00007ff845a6f000 	C:\WINDOWS\System32\WS2_32.dll
0x00007ff841440000 - 0x00007ff841464000 	C:\WINDOWS\SYSTEM32\WINMM.dll
0x00007ff83cf90000 - 0x00007ff83cf9a000 	C:\WINDOWS\SYSTEM32\VERSION.dll
0x00007ff841410000 - 0x00007ff84143d000 	C:\WINDOWS\SYSTEM32\WINMMBASE.dll
0x00007ff844460000 - 0x00007ff8444aa000 	C:\WINDOWS\System32\cfgmgr32.dll
0x00007ff841a40000 - 0x00007ff841a4f000 	C:\Program Files\Android\Android Studio\jre\jre\bin\verify.dll
0x00007ff826f20000 - 0x00007ff826f49000 	C:\Program Files\Android\Android Studio\jre\jre\bin\java.dll
0x00007ff828740000 - 0x00007ff828756000 	C:\Program Files\Android\Android Studio\jre\jre\bin\zip.dll
0x00007ff845b20000 - 0x00007ff846205000 	C:\WINDOWS\System32\SHELL32.dll
0x00007ff845a70000 - 0x00007ff845b19000 	C:\WINDOWS\System32\shcore.dll
0x00007ff844730000 - 0x00007ff844eaf000 	C:\WINDOWS\System32\windows.storage.dll
0x00007ff843e80000 - 0x00007ff843e9f000 	C:\WINDOWS\System32\profapi.dll
0x00007ff843ec0000 - 0x00007ff843f0a000 	C:\WINDOWS\System32\powrprof.dll
0x00007ff843e50000 - 0x00007ff843e60000 	C:\WINDOWS\System32\UMPDC.dll
0x00007ff8458d0000 - 0x00007ff845922000 	C:\WINDOWS\System32\shlwapi.dll
0x00007ff843ea0000 - 0x00007ff843eb1000 	C:\WINDOWS\System32\kernel.appcore.dll
0x00007ff843f10000 - 0x00007ff843f27000 	C:\WINDOWS\System32\cryptsp.dll
0x00007ff825e70000 - 0x00007ff825e8a000 	C:\Program Files\Android\Android Studio\jre\jre\bin\net.dll
0x00007ff8436c0000 - 0x00007ff843727000 	C:\WINDOWS\system32\mswsock.dll
0x00007ff824a30000 - 0x00007ff824a41000 	C:\Program Files\Android\Android Studio\jre\jre\bin\nio.dll
0x00007ff8219e0000 - 0x00007ff821a06000 	C:\Users\Алексей\.gradle\native\29\windows-amd64\native-platform.dll
0x00007ff841a30000 - 0x00007ff841a3d000 	C:\Program Files\Android\Android Studio\jre\jre\bin\management.dll
0x00007ff843230000 - 0x00007ff843263000 	C:\WINDOWS\system32\rsaenh.dll
0x00007ff844650000 - 0x00007ff844676000 	C:\WINDOWS\System32\bcrypt.dll
0x00007ff843d70000 - 0x00007ff843d95000 	C:\WINDOWS\SYSTEM32\USERENV.dll
0x00007ff843890000 - 0x00007ff84389c000 	C:\WINDOWS\SYSTEM32\CRYPTBASE.dll
0x00007ff8433d0000 - 0x00007ff84340a000 	C:\WINDOWS\SYSTEM32\IPHLPAPI.DLL
0x00007ff846700000 - 0x00007ff846708000 	C:\WINDOWS\System32\NSI.dll
0x00007ff837df0000 - 0x00007ff837e06000 	C:\WINDOWS\SYSTEM32\dhcpcsvc6.DLL
0x00007ff83c4e0000 - 0x00007ff83c4fc000 	C:\WINDOWS\SYSTEM32\dhcpcsvc.DLL
0x00007ff843410000 - 0x00007ff8434da000 	C:\WINDOWS\SYSTEM32\DNSAPI.dll

VM Arguments:
jvm_args: -Xmx1536m -Dfile.encoding=windows-1251 -Duser.country=RU -Duser.language=ru -Duser.variant 
java_command: org.gradle.launcher.daemon.bootstrap.GradleDaemon 5.4.1
java_class_path (initial): C:\Users\Алексей\.gradle\wrapper\dists\gradle-5.4.1-all\3221gyojl5jsh0helicew7rwx\gradle-5.4.1\lib\gradle-launcher-5.4.1.jar
Launcher Type: SUN_STANDARD

Environment Variables:
JAVA_HOME=C:\CORDOVA\JDK
PATH=C:\Program Files\NVIDIA GPU Computing Toolkit\CUDA\v10.1\bin;C:\Program Files\NVIDIA GPU Computing Toolkit\CUDA\v10.1\libnvvp;C:\Python\Python36\Scripts\;C:\Python\Python36\;C:\Program Files (x86)\Common Files\Oracle\Java\javapath;C:\Program Files (x86)\Intel\iCLS Client\;C:\Program Files\Intel\iCLS Client\;C:\Windows\system32;C:\Windows;C:\Windows\System32\Wbem;C:\Windows\System32\WindowsPowerShell\v1.0\;C:\Program Files (x86)\Intel\Intel(R) Management Engine Components\DAL;C:\Program Files\Intel\Intel(R) Management Engine Components\DAL;C:\Program Files (x86)\Intel\Intel(R) Management Engine Components\IPT;C:\Program Files\Intel\Intel(R) Management Engine Components\IPT;C:\Program Files\Intel\WiFi\bin\;C:\Program Files\Common Files\Intel\WirelessCommon\;C:\Program Files\Microsoft SQL Server\110\Tools\Binn\;C:\WINDOWS\system32;C:\WINDOWS;C:\WINDOWS\System32\Wbem;C:\WINDOWS\System32\WindowsPowerShell\v1.0\;C:\WINDOWS\System32\OpenSSH\;C:\Program Files\Common Files\Autodesk Shared\;C:\Program Files (x86)\Autodesk\Backburner\;C:\Users\Алексей\.dnx\bin;C:\Program Files\Microsoft DNX\Dnvm\;C:\Program Files\Microsoft SQL Server\120\Tools\Binn\;C:\Program Files (x86)\QuickTime\QTSystem\;C:\Program Files\NVIDIA Corporation\Nsight Compute 2019.4.0\;C:\Program Files (x86)\NVIDIA Corporation\PhysX\Common;C:\Program Files\NVIDIA Corporation\NVIDIA NvDLISR;C:\Program Files\NVIDIA GPU Computing Toolkit\CUDA\v10.1\cuda\bin;C:\Python\Python36\Scripts\;C:\Python\Python36\;C:\Users\Алексей\AppData\Local\Microsoft\WindowsApps;C:\Program Files\Intel\WiFi\bin\;C:\Program Files\Common Files\Intel\WirelessCommon\;%GRADLE_HOME%\bin;C:\CORDOVA\JDK\JDK;C:\Program Files\NVIDIA GPU Computing Toolkit\CUDA\v10.1\cuda\bin;
USERNAME=Алексей
OS=Windows_NT
PROCESSOR_IDENTIFIER=Intel64 Family 6 Model 142 Stepping 10, GenuineIntel



---------------  S Y S T E M  ---------------

OS: Windows 10.0 , 64 bit Build 18362 (10.0.18362.329)

CPU:total 8 (initial active 8) (4 cores per cpu, 2 threads per core) family 6 model 142 stepping 10, cmov, cx8, fxsr, mmx, sse, sse2, sse3, ssse3, sse4.1, sse4.2, popcnt, avx, avx2, aes, clmul, erms, 3dnowpref, lzcnt, ht, tsc, tscinvbit, bmi1, bmi2, adx

Memory: 4k page, physical 8295652k(388784k free), swap 20732032k(2376k free)

vm_info: OpenJDK 64-Bit Server VM (25.202-b03) for windows-amd64 JRE (1.8.0_202-release-1483-b03), built by "builder" with MS VC++ 10.0 (VS2010)

time: Wed Nov 13 16:05:35 2019
timezone: Новосибирское стандартное время
elapsed time: 6 seconds (0d 0h 0m 6s)

